<?xml version="1.0" encoding="UTF-8"?>
<!-- Generated by org.testng.reporters.JUnitReportReporter -->
<testsuite skipped="0" hostname="pallavi-PC" name="TestCases.tc003checkCartContent" tests="1" failures="0" timestamp="05 Nov 2019 13:38:28 GMT" time="8.670" errors="0">
  <testcase name="cartcontent" time="8.670" classname="TestCases.tc003checkCartContent"/>
</testsuite> <!-- TestCases.tc003checkCartContent -->
